<?xml version="1.0" encoding="UTF-8"?>
<coverage generated="1560159147995" clover="3.2.0">
  <project timestamp="1560159147995" name="All files">
    <metrics statements="11" coveredstatements="11" conditionals="4" coveredconditionals="2" methods="4" coveredmethods="4" elements="19" coveredelements="17" complexity="0" loc="11" ncloc="11" packages="3" files="4" classes="4">
      <package name="vue-jest-test-coverage">
        <metrics statements="1" coveredstatements="1" conditionals="2" coveredconditionals="1" methods="1" coveredmethods="1"/>
        <file name="unknown" path="/home/tito/Documents/github/vue-jest-test-coverage/unknown">
          <metrics statements="1" coveredstatements="1" conditionals="2" coveredconditionals="1" methods="1" coveredmethods="1"/>
          <line num="22" count="1" type="cond" truecount="1" falsecount="1"/>
        </file>
      </package>
      <package name="vue-jest-test-coverage.src.components.TestComponent">
        <metrics statements="2" coveredstatements="2" conditionals="2" coveredconditionals="1" methods="0" coveredmethods="0"/>
        <file name="index.vue" path="/home/tito/Documents/github/vue-jest-test-coverage/src/components/TestComponent/index.vue">
          <metrics statements="2" coveredstatements="2" conditionals="2" coveredconditionals="1" methods="0" coveredmethods="0"/>
          <line num="21" count="2" type="stmt"/>
          <line num="22" count="1" type="cond" truecount="1" falsecount="1"/>
        </file>
      </package>
      <package name="vue-jest-test-coverage.tests.unit">
        <metrics statements="8" coveredstatements="8" conditionals="0" coveredconditionals="0" methods="3" coveredmethods="3"/>
        <file name="TestComponent.spec.js" path="/home/tito/Documents/github/vue-jest-test-coverage/tests/unit/TestComponent.spec.js">
          <metrics statements="3" coveredstatements="3" conditionals="0" coveredconditionals="0" methods="1" coveredmethods="1"/>
          <line num="4" count="1" type="stmt"/>
          <line num="5" count="1" type="stmt"/>
          <line num="11" count="1" type="stmt"/>
        </file>
        <file name="example.spec.js" path="/home/tito/Documents/github/vue-jest-test-coverage/tests/unit/example.spec.js">
          <metrics statements="5" coveredstatements="5" conditionals="0" coveredconditionals="0" methods="2" coveredmethods="2"/>
          <line num="4" count="1" type="stmt"/>
          <line num="5" count="1" type="stmt"/>
          <line num="6" count="1" type="stmt"/>
          <line num="7" count="1" type="stmt"/>
          <line num="10" count="1" type="stmt"/>
        </file>
      </package>
    </metrics>
  </project>
</coverage>
