{"/home/tito/Documents/github/vue-jest-test-coverage/unknown": {"path":"/home/tito/Documents/github/vue-jest-test-coverage/unknown","statementMap":{"0":{"start":{"line":22,"column":6},"end":{"line":22,"column":38}}},"fnMap":{"0":{"name":"(anonymous_0)","decl":{"start":{"line":21,"column":4},"end":{"line":21,"column":5}},"loc":{"start":{"line":21,"column":11},"end":{"line":23,"column":5}},"line":21}},"branchMap":{"0":{"loc":{"start":{"line":22,"column":13},"end":{"line":22,"column":38}},"type":"cond-expr","locations":[{"start":{"line":22,"column":25},"end":{"line":22,"column":30}},{"start":{"line":22,"column":33},"end":{"line":22,"column":38}}],"line":22}},"s":{"0":1},"f":{"0":1},"b":{"0":[1,0]},"_coverageSchema":"43e27e138ebf9cfc5966b082cf9a028302ed4184","hash":"ef241cce369dd713b4771f8164083ede6e91d2f4"}
,"/home/tito/Documents/github/vue-jest-test-coverage/src/components/TestComponent/index.vue": {"path":"/home/tito/Documents/github/vue-jest-test-coverage/src/components/TestComponent/index.vue","statementMap":{"0":{"start":{"line":21,"column":0},"end":{"line":null,"column":-1}},"1":{"start":{"line":22,"column":0},"end":{"line":null,"column":-1}}},"fnMap":{},"branchMap":{"0":{"loc":{"start":{"line":22,"column":0},"end":{"line":null,"column":-1}},"type":"cond-expr","locations":[{"start":{"line":22,"column":0},"end":{"line":null,"column":-1}},{"start":{"line":22,"column":0},"end":{"line":null,"column":-1}}]}},"s":{"0":2,"1":1},"f":{},"b":{"0":[1,0]}}
,"/home/tito/Documents/github/vue-jest-test-coverage/tests/unit/TestComponent.spec.js": {"path":"/home/tito/Documents/github/vue-jest-test-coverage/tests/unit/TestComponent.spec.js","statementMap":{"0":{"start":{"line":4,"column":0},"end":{"line":12,"column":2}},"1":{"start":{"line":5,"column":18},"end":{"line":9,"column":4}},"2":{"start":{"line":11,"column":2},"end":{"line":11,"column":47}}},"fnMap":{"0":{"name":"(anonymous_0)","decl":{"start":{"line":4,"column":25},"end":{"line":4,"column":26}},"loc":{"start":{"line":4,"column":31},"end":{"line":12,"column":1}},"line":4}},"branchMap":{},"s":{"0":1,"1":1,"2":1},"f":{"0":1},"b":{},"_coverageSchema":"43e27e138ebf9cfc5966b082cf9a028302ed4184","hash":"178ba0fb36eba35a45983bd2c8ac82c3e7853f60"}
,"/home/tito/Documents/github/vue-jest-test-coverage/tests/unit/example.spec.js": {"path":"/home/tito/Documents/github/vue-jest-test-coverage/tests/unit/example.spec.js","statementMap":{"0":{"start":{"line":4,"column":0},"end":{"line":12,"column":2}},"1":{"start":{"line":5,"column":2},"end":{"line":11,"column":4}},"2":{"start":{"line":6,"column":16},"end":{"line":6,"column":29}},"3":{"start":{"line":7,"column":20},"end":{"line":9,"column":6}},"4":{"start":{"line":10,"column":4},"end":{"line":10,"column":39}}},"fnMap":{"0":{"name":"(anonymous_0)","decl":{"start":{"line":4,"column":27},"end":{"line":4,"column":28}},"loc":{"start":{"line":4,"column":33},"end":{"line":12,"column":1}},"line":4},"1":{"name":"(anonymous_1)","decl":{"start":{"line":5,"column":38},"end":{"line":5,"column":39}},"loc":{"start":{"line":5,"column":44},"end":{"line":11,"column":3}},"line":5}},"branchMap":{},"s":{"0":1,"1":1,"2":1,"3":1,"4":1},"f":{"0":1,"1":1},"b":{},"_coverageSchema":"43e27e138ebf9cfc5966b082cf9a028302ed4184","hash":"e6781813f7256493e7f27b3125d2d23eb78e43cc"}
}
