TN:
SF:/home/tito/Documents/github/vue-jest-test-coverage/unknown
FN:21,(anonymous_0)
FNF:1
FNH:1
FNDA:1,(anonymous_0)
DA:22,1
LF:1
LH:1
BRDA:22,0,0,1
BRDA:22,0,1,0
BRF:2
BRH:1
end_of_record
TN:
SF:/home/tito/Documents/github/vue-jest-test-coverage/src/components/TestComponent/index.vue
FNF:0
FNH:0
DA:21,2
DA:22,1
LF:2
LH:2
BRDA:22,0,0,1
BRDA:22,0,1,0
BRF:2
BRH:1
end_of_record
TN:
SF:/home/tito/Documents/github/vue-jest-test-coverage/tests/unit/TestComponent.spec.js
FN:4,(anonymous_0)
FNF:1
FNH:1
FNDA:1,(anonymous_0)
DA:4,1
DA:5,1
DA:11,1
LF:3
LH:3
BRF:0
BRH:0
end_of_record
TN:
SF:/home/tito/Documents/github/vue-jest-test-coverage/tests/unit/example.spec.js
FN:4,(anonymous_0)
FN:5,(anonymous_1)
FNF:2
FNH:2
FNDA:1,(anonymous_0)
FNDA:1,(anonymous_1)
DA:4,1
DA:5,1
DA:6,1
DA:7,1
DA:10,1
LF:5
LH:5
BRF:0
BRH:0
end_of_record
